0 info it worked if it ends with ok
1 verbose cli [ 'node', '/usr/local/bin/npm', 'install', '-g', 'jasmine' ]
2 info using npm@1.1.61
3 info using node@v0.8.9
4 verbose read json /usr/local/lib/package.json
5 verbose read json /usr/local/lib/package.json
6 verbose cache add [ 'jasmine', null ]
7 silly cache add name=undefined spec="jasmine" args=["jasmine",null]
8 verbose parsed url { pathname: 'jasmine', path: 'jasmine', href: 'jasmine' }
9 silly lockFile 5bfd08bd-jasmine jasmine
10 verbose lock jasmine /Users/knt/.npm/5bfd08bd-jasmine.lock
11 silly lockFile 5bfd08bd-jasmine jasmine
12 verbose addNamed [ 'jasmine', '' ]
13 verbose addNamed [ null, '' ]
14 silly lockFile fdd358a6-jasmine jasmine@
15 verbose lock jasmine@ /Users/knt/.npm/fdd358a6-jasmine.lock
16 silly addNameRange { name: 'jasmine', range: '', hasData: false }
17 verbose url raw jasmine
18 verbose url resolving [ 'https://registry.npmjs.org/', './jasmine' ]
19 verbose url resolved https://registry.npmjs.org/jasmine
20 info trying registry request attempt 1 at 00:38:35
21 http GET https://registry.npmjs.org/jasmine
22 http 404 https://registry.npmjs.org/jasmine
23 silly registry.get cb [ 404,
23 silly registry.get   { server: 'CouchDB/1.3.0 (Erlang OTP/R15B03)',
23 silly registry.get     date: 'Wed, 05 Jun 2013 17:28:29 GMT',
23 silly registry.get     'content-type': 'application/json',
23 silly registry.get     'content-length': '52',
23 silly registry.get     'cache-control': 'must-revalidate' } ]
24 silly lockFile fdd358a6-jasmine jasmine@
25 error 404 'jasmine' is not in the npm registry.
25 error 404 You should bug the author to publish it
25 error 404
25 error 404 Note that you can also install from a
25 error 404 tarball, folder, or http url, or git url.
26 error System Darwin 11.4.2
27 error command "node" "/usr/local/bin/npm" "install" "-g" "jasmine"
28 error cwd /DATA/DEVELOPMENT/JAVASCRIPT/ktmt/ktmt-irc
29 error node -v v0.8.9
30 error npm -v 1.1.61
31 error code E404
32 verbose exit [ 1, true ]
